<?xml version="1.0" encoding="UTF-8"?>
<!-- Generated by org.testng.reporters.JUnitReportReporter -->
<testsuite skipped="0" hostname="DESKTOP-0GOSDQT" name="smokeTests.LoginPage" tests="2" failures="0" timestamp="10 Nov 2018 10:10:42 GMT" time="21.784" errors="0">
  <testcase name="omsUserLogin" time="10.784" classname="smokeTests.LoginPage"/>
  <testcase name="normalUserLogin" time="11.000" classname="smokeTests.LoginPage"/>
</testsuite> <!-- smokeTests.LoginPage -->
