<?xml version="1.0" encoding="UTF-8"?>
<!-- Generated by org.testng.reporters.JUnitReportReporter -->
<testsuite skipped="0" hostname="DESKTOP-0GOSDQT" name="smokeTests.HomePage" tests="1" failures="0" timestamp="07 Nov 2018 17:46:55 GMT" time="3.836" errors="0">
  <testcase name="homepageElementsPresentTest" time="3.836" classname="smokeTests.HomePage"/>
</testsuite> <!-- smokeTests.HomePage -->
