<?xml version="1.0" encoding="UTF-8"?>
<!-- Generated by org.testng.reporters.JUnitReportReporter -->
<testsuite skipped="0" hostname="DESKTOP-0GOSDQT" name="smokeTests.MainPage" tests="9" failures="0" timestamp="12 Nov 2018 11:38:50 GMT" time="35.715" errors="0">
  <testcase name="mainpageAccountPresent" time="3.400" classname="smokeTests.MainPage"/>
  <testcase name="mainpageLogoPresent" time="3.123" classname="smokeTests.MainPage"/>
  <testcase name="mainpageBasketPresent" time="3.636" classname="smokeTests.MainPage"/>
  <testcase name="AccountCorrectDestination" time="5.328" classname="smokeTests.MainPage"/>
  <testcase name="mainpageTitleCorrect" time="3.019" classname="smokeTests.MainPage"/>
  <testcase name="BasketCorrectDestination" time="5.954" classname="smokeTests.MainPage"/>
  <testcase name="LogoCorrectDestination" time="4.417" classname="smokeTests.MainPage"/>
  <testcase name="resultsBlockPresent" time="3.675" classname="smokeTests.MainPage"/>
  <testcase name="searchBarPresent" time="3.163" classname="smokeTests.MainPage"/>
</testsuite> <!-- smokeTests.MainPage -->
