<?xml version="1.0" encoding="UTF-8"?>
<!-- Generated by org.testng.reporters.JUnitReportReporter -->
<testsuite skipped="0" hostname="DESKTOP-0GOSDQT" name="tests.OMSVisiblity" tests="3" failures="0" timestamp="14 Nov 2018 22:10:34 GMT" time="69.091" errors="0">
  <testcase name="omsCategoryNotVisible" time="22.778" classname="tests.OMSVisiblity"/>
  <testcase name="omsProductVisible" time="23.557" classname="tests.OMSVisiblity"/>
  <testcase name="omsCategoryVisible" time="22.756" classname="tests.OMSVisiblity"/>
</testsuite> <!-- tests.OMSVisiblity -->
