<?xml version="1.0" encoding="UTF-8"?>
<!-- Generated by org.testng.reporters.JUnitReportReporter -->
<testsuite skipped="0" hostname="DESKTOP-0GOSDQT" name="tests.OMSFunctional" tests="3" failures="0" timestamp="14 Nov 2018 22:10:34 GMT" time="157.447" errors="0">
  <testcase name="SearchResultsName" time="97.090" classname="tests.OMSFunctional"/>
  <testcase name="SearchResultGoToProduct" time="16.588" classname="tests.OMSFunctional"/>
  <testcase name="SearchResultsSKU" time="43.769" classname="tests.OMSFunctional"/>
</testsuite> <!-- tests.OMSFunctional -->
