<?xml version="1.0" encoding="UTF-8"?>
<!-- Generated by org.testng.reporters.JUnitReportReporter -->
<testsuite skipped="0" hostname="DESKTOP-0GOSDQT" name="tests.OMSCheckout" tests="1" failures="0" timestamp="13 Nov 2018 18:33:01 GMT" time="11.479" errors="0">
  <testcase name="ProductPage" time="11.479" classname="tests.OMSCheckout"/>
</testsuite> <!-- tests.OMSCheckout -->
