<?xml version="1.0" encoding="UTF-8"?>
<!-- Generated by org.testng.reporters.JUnitReportReporter -->
<testsuite skipped="0" hostname="DESKTOP-0GOSDQT" name="tests.MBG" tests="1" failures="0" timestamp="20 Nov 2018 14:16:23 GMT" time="17.702" errors="0">
  <testcase name="MBGPage" time="17.702" classname="tests.MBG"/>
</testsuite> <!-- tests.MBG -->
