<?xml version="1.0" encoding="UTF-8"?>
<!-- Generated by org.testng.reporters.JUnitReportReporter -->
<testsuite skipped="0" hostname="DESKTOP-0GOSDQT" name="smokeTests.LoginPage" tests="2" failures="0" timestamp="12 Nov 2018 11:38:50 GMT" time="20.578" errors="0">
  <testcase name="omsUserLogin" time="10.507" classname="smokeTests.LoginPage"/>
  <testcase name="normalUserLogin" time="10.071" classname="smokeTests.LoginPage"/>
</testsuite> <!-- smokeTests.LoginPage -->
