<?xml version="1.0" encoding="UTF-8"?>
<!-- Generated by org.testng.reporters.JUnitReportReporter -->
<testsuite skipped="0" hostname="DESKTOP-0GOSDQT" name="tests.OMSVisiblity" tests="3" failures="0" timestamp="10 Nov 2018 10:10:42 GMT" time="34.564" errors="0">
  <testcase name="omsProductVisible" time="10.730" classname="tests.OMSVisiblity"/>
  <testcase name="omsCategoryVisible" time="11.763" classname="tests.OMSVisiblity"/>
  <testcase name="omsCategoryNotVisible" time="12.071" classname="tests.OMSVisiblity"/>
</testsuite> <!-- tests.OMSVisiblity -->
