<?xml version="1.0" encoding="UTF-8"?>
<!-- Generated by org.testng.reporters.JUnitReportReporter -->
<testsuite skipped="0" hostname="DESKTOP-0GOSDQT" name="smokeTests.LoginPage" tests="2" failures="0" timestamp="14 Nov 2018 22:10:34 GMT" time="28.361" errors="0">
  <testcase name="normalUserLogin" time="14.413" classname="smokeTests.LoginPage"/>
  <testcase name="omsUserLogin" time="13.948" classname="smokeTests.LoginPage"/>
</testsuite> <!-- smokeTests.LoginPage -->
