<?xml version="1.0" encoding="UTF-8"?>
<!-- Generated by org.testng.reporters.JUnitReportReporter -->
<testsuite skipped="0" hostname="DESKTOP-0GOSDQT" name="tests.OMSProductVisiblity" tests="2" failures="0" timestamp="09 Nov 2018 14:14:13 GMT" time="19.540" errors="0">
  <testcase name="omsCategoryVisible" time="10.286" classname="tests.OMSProductVisiblity"/>
  <testcase name="omsCategoryNotVisible" time="9.254" classname="tests.OMSProductVisiblity"/>
</testsuite> <!-- tests.OMSProductVisiblity -->
