<?xml version="1.0" encoding="UTF-8"?>
<!-- Generated by org.testng.reporters.JUnitReportReporter -->
<testsuite skipped="0" hostname="DESKTOP-0GOSDQT" name="tests.OMSVisiblity" tests="3" failures="0" timestamp="13 Nov 2018 17:08:35 GMT" time="32.036" errors="0">
  <testcase name="omsCategoryVisible" time="10.543" classname="tests.OMSVisiblity"/>
  <testcase name="omsCategoryNotVisible" time="10.270" classname="tests.OMSVisiblity"/>
  <testcase name="omsProductVisible" time="11.223" classname="tests.OMSVisiblity"/>
</testsuite> <!-- tests.OMSVisiblity -->
