<?xml version="1.0" encoding="UTF-8"?>
<!-- Generated by org.testng.reporters.JUnitReportReporter -->
<testsuite skipped="0" hostname="DESKTOP-0GOSDQT" name="smokeTests.MainPage" tests="9" failures="0" timestamp="10 Nov 2018 10:10:42 GMT" time="36.858" errors="0">
  <testcase name="AccountCorrectDestination" time="5.144" classname="smokeTests.MainPage"/>
  <testcase name="LogoCorrectDestination" time="5.050" classname="smokeTests.MainPage"/>
  <testcase name="mainpageAccountPresent" time="4.143" classname="smokeTests.MainPage"/>
  <testcase name="searchBarPresent" time="3.943" classname="smokeTests.MainPage"/>
  <testcase name="mainpageTitleCorrect" time="3.210" classname="smokeTests.MainPage"/>
  <testcase name="BasketCorrectDestination" time="5.030" classname="smokeTests.MainPage"/>
  <testcase name="mainpageBasketPresent" time="3.450" classname="smokeTests.MainPage"/>
  <testcase name="mainpageLogoPresent" time="3.147" classname="smokeTests.MainPage"/>
  <testcase name="resultsBlockPresent" time="3.741" classname="smokeTests.MainPage"/>
</testsuite> <!-- smokeTests.MainPage -->
